<?xml version="1.0" encoding="UTF-8"?>
<testng-results ignored="0" total="1" passed="1" failed="0" skipped="0">
  <reporter-output>
  </reporter-output>
  <suite started-at="2025-06-12T18:39:04 MDT" name="TestSuite" finished-at="2025-06-12T18:39:11 MDT" duration-ms="6665">
    <groups>
      <group name="cucumber">
        <method signature="AbstractTestNGCucumberTests.runScenario(io.cucumber.testng.PickleWrapper,io.cucumber.testng.FeatureWrapper)[pri:0, instance:runner.TestRunner@21b2e768]" name="runScenario" class="io.cucumber.testng.AbstractTestNGCucumberTests"/>
      </group> <!-- cucumber -->
    </groups>
    <test started-at="2025-06-12T18:39:04 MDT" name="TestRun" finished-at="2025-06-12T18:39:11 MDT" duration-ms="6665">
      <class name="runner.TestRunner">
        <test-method is-config="true" signature="setUpClass(org.testng.ITestContext)[pri:0, instance:runner.TestRunner@21b2e768]" started-at="2025-06-12T18:39:04 MDT" name="setUpClass" finished-at="2025-06-12T18:39:05 MDT" duration-ms="516" status="PASS">
          <params>
            <param index="0">
              <value>
                <![CDATA[org.testng.TestRunner@f736069]]>
              </value>
            </param>
          </params>
          <reporter-output>
          </reporter-output>
        </test-method> <!-- setUpClass -->
        <test-method is-config="true" signature="setParameters(java.lang.String,java.lang.String,java.lang.String,java.lang.String,java.lang.String,java.lang.String)[pri:0, instance:runner.TestRunner@21b2e768]" started-at="2025-06-12T18:39:05 MDT" name="setParameters" finished-at="2025-06-12T18:39:05 MDT" duration-ms="2" status="PASS">
          <params>
            <param index="0">
              <value>
                <![CDATA[chrome]]>
              </value>
            </param>
            <param index="1">
              <value>
                <![CDATA[https://www.saucedemo.com/]]>
              </value>
            </param>
            <param index="2">
              <value>
                <![CDATA[https://demoqa.com/]]>
              </value>
            </param>
            <param index="3">
              <value>
                <![CDATA[Downloads]]>
              </value>
            </param>
            <param index="4">
              <value>
                <![CDATA[Uploads]]>
              </value>
            </param>
            <param index="5">
              <value>
                <![CDATA[Screenshots]]>
              </value>
            </param>
          </params>
          <reporter-output>
          </reporter-output>
        </test-method> <!-- setParameters -->
        <test-method signature="runScenario(io.cucumber.testng.PickleWrapper,io.cucumber.testng.FeatureWrapper)[pri:0, instance:runner.TestRunner@21b2e768]" started-at="2025-06-12T18:39:05 MDT" name="runScenario" description="Runs Cucumber Scenarios" data-provider="scenarios" finished-at="2025-06-12T18:39:11 MDT" duration-ms="6084" status="PASS">
          <params>
            <param index="0">
              <value>
                <![CDATA["TC123459 Verify successful Practice Form submission"]]>
              </value>
            </param>
            <param index="1">
              <value>
                <![CDATA["PracticeForm"]]>
              </value>
            </param>
          </params>
          <reporter-output>
          </reporter-output>
        </test-method> <!-- runScenario -->
        <test-method is-config="true" signature="tearDownClass()[pri:0, instance:runner.TestRunner@21b2e768]" started-at="2025-06-12T18:39:11 MDT" name="tearDownClass" finished-at="2025-06-12T18:39:11 MDT" duration-ms="25" status="PASS">
          <reporter-output>
          </reporter-output>
        </test-method> <!-- tearDownClass -->
      </class> <!-- runner.TestRunner -->
    </test> <!-- TestRun -->
  </suite> <!-- TestSuite -->
</testng-results>
